{"F:\\CodeWars\\8kyu\\8-A-Needle-in-the-Haystack.js": {"path":"F:\\CodeWars\\8kyu\\8-A-Needle-in-the-Haystack.js","statementMap":{"0":{"start":{"line":36,"column":4},"end":{"line":36,"column":72}},"1":{"start":{"line":39,"column":2},"end":{"line":39,"column":29}},"2":{"start":{"line":42,"column":17},"end":{"line":42,"column":93}},"3":{"start":{"line":43,"column":17},"end":{"line":43,"column":141}},"4":{"start":{"line":44,"column":17},"end":{"line":44,"column":127}},"5":{"start":{"line":46,"column":0},"end":{"line":46,"column":87}},"6":{"start":{"line":47,"column":0},"end":{"line":47,"column":69}},"7":{"start":{"line":48,"column":0},"end":{"line":48,"column":69}},"8":{"start":{"line":49,"column":0},"end":{"line":49,"column":70}}},"fnMap":{"0":{"name":"findNeedle","decl":{"start":{"line":35,"column":9},"end":{"line":35,"column":19}},"loc":{"start":{"line":35,"column":30},"end":{"line":37,"column":3}},"line":35}},"branchMap":{},"s":{"0":8,"1":1,"2":1,"3":1,"4":1,"5":1,"6":1,"7":1,"8":1},"f":{"0":8},"b":{},"_coverageSchema":"1a1c01bbd47fc00a2c39e90264f33305004495a9","hash":"1ea97f4d096e64ea18c3b4f59e0119626f1f2e2c"}
}
